<?xml version="1.0" encoding="UTF-8"?>
<!-- Generated by org.testng.reporters.JUnitReportReporter -->
<testsuite skipped="0" hostname="Rabi-PC" name="extentreport.BluestoneScenario2" tests="1" failures="0" timestamp="14 May 2019 10:47:42 GMT" time="37.077" errors="0">
  <testcase name="scenario2" time="37.077" classname="extentreport.BluestoneScenario2"/>
</testsuite> <!-- extentreport.BluestoneScenario2 -->
