<?xml version="1.0" encoding="UTF-8"?>
<!-- Generated by org.testng.reporters.JUnitReportReporter -->
<testsuite skipped="0" hostname="Rabi-PC" name="extentreport.BluestoneScenario1" tests="1" failures="0" timestamp="14 May 2019 12:00:07 GMT" time="78.019" errors="0">
  <testcase name="scenario1" time="78.019" classname="extentreport.BluestoneScenario1"/>
</testsuite> <!-- extentreport.BluestoneScenario1 -->
