<?xml version="1.0" encoding="UTF-8"?>
<!-- Generated by org.testng.reporters.JUnitReportReporter -->
<testsuite skipped="0" hostname="Rabi-PC" name="extentreport.BluestoneScenario2" tests="1" failures="0" timestamp="14 May 2019 09:44:00 GMT" time="14.016" errors="0">
  <testcase name="scenario2" time="14.016" classname="extentreport.BluestoneScenario2"/>
</testsuite> <!-- extentreport.BluestoneScenario2 -->
