<?xml version="1.0" encoding="UTF-8"?>
<!-- Generated by org.testng.reporters.JUnitReportReporter -->
<testsuite skipped="0" hostname="Rabi-PC" name="extentreport.BluestoneScenario3" tests="1" failures="0" timestamp="14 May 2019 11:14:19 GMT" time="32.438" errors="0">
  <testcase name="scenario1" time="32.438" classname="extentreport.BluestoneScenario3"/>
</testsuite> <!-- extentreport.BluestoneScenario3 -->
