<?xml version="1.0" encoding="UTF-8"?>
<!-- Generated by org.testng.reporters.JUnitReportReporter -->
<testsuite skipped="0" hostname="Rabi-PC" name="extentreport.BluestoneScenario1" tests="1" failures="0" timestamp="14 May 2019 10:53:34 GMT" time="46.014" errors="0">
  <testcase name="scenario1" time="46.014" classname="extentreport.BluestoneScenario1"/>
</testsuite> <!-- extentreport.BluestoneScenario1 -->
